<?xml version="1.0" encoding="UTF-8"?>
<!-- Generated by org.testng.reporters.JUnitXMLReporter -->
<testsuite ignored="0" hostname="NDI-LAP-165" failures="0" tests="4" name="Test" time="26.254" errors="0" timestamp="2022-01-26T00:30:46 IST">
  <testcase classname="Academy.validateNavigationBar" name="validateAppNavBar" time="0.067"/>
  <testcase classname="Academy.validateTitle" name="validateAppTitle" time="0.035"/>
  <testcase classname="Academy.HomePage" name="basePageNavigation" time="3.333"/>
  <testcase classname="Academy.HomePage" name="basePageNavigation" time="1.623"/>
</testsuite> <!-- Test -->
